[ 2016-11-29T04:00:15+08:00 ] 220.181.51.104 /index.php?m=item&a=index&id=23455
INFO: [ app_init ] --START--
INFO: Run Behavior\BuildLiteBehavior [ RunTime:0.000020s ]
INFO: [ app_init ] --END-- [ RunTime:0.000311s ]
ERR: 无法加载模块:Item

[ 2016-11-29T04:03:21+08:00 ] 14.148.51.91 /index.php/webcenter/Register_web/join_member
INFO: [ app_init ] --START--
INFO: Run Behavior\BuildLiteBehavior [ RunTime:0.000018s ]
INFO: [ app_init ] --END-- [ RunTime:0.000327s ]
ERR: 无法加载模块:Webcenter

[ 2016-11-29T04:09:50+08:00 ] 14.148.51.91 /index.php/webcenter/Register_web/join_member
INFO: [ app_init ] --START--
INFO: Run Behavior\BuildLiteBehavior [ RunTime:0.000018s ]
INFO: [ app_init ] --END-- [ RunTime:0.000327s ]
ERR: 无法加载模块:Webcenter

[ 2016-11-29T04:26:00+08:00 ] 14.148.51.91 /index.php/webcenter/Register_web/join_member
INFO: [ app_init ] --START--
INFO: Run Behavior\BuildLiteBehavior [ RunTime:0.000019s ]
INFO: [ app_init ] --END-- [ RunTime:0.000313s ]
ERR: 无法加载模块:Webcenter

[ 2016-11-29T05:06:05+08:00 ] 192.169.140.141 /index.php/webcenter/Register_web/join_member
INFO: [ app_init ] --START--
INFO: Run Behavior\BuildLiteBehavior [ RunTime:0.000017s ]
INFO: [ app_init ] --END-- [ RunTime:0.000303s ]
ERR: 无法加载模块:Webcenter

[ 2016-11-29T05:22:23+08:00 ] 14.148.51.91 /index.php/webcenter/Register_web/join_member
INFO: [ app_init ] --START--
INFO: Run Behavior\BuildLiteBehavior [ RunTime:0.000018s ]
INFO: [ app_init ] --END-- [ RunTime:0.000327s ]
ERR: 无法加载模块:Webcenter

[ 2016-11-29T05:24:26+08:00 ] 14.148.51.91 /index.php/webcenter/Register_web/join_member
INFO: [ app_init ] --START--
INFO: Run Behavior\BuildLiteBehavior [ RunTime:0.000018s ]
INFO: [ app_init ] --END-- [ RunTime:0.000320s ]
ERR: 无法加载模块:Webcenter

[ 2016-11-29T05:25:26+08:00 ] 14.148.51.91 /index.php/webcenter/Register_web/join_member
INFO: [ app_init ] --START--
INFO: Run Behavior\BuildLiteBehavior [ RunTime:0.000020s ]
INFO: [ app_init ] --END-- [ RunTime:0.000433s ]
ERR: 无法加载模块:Webcenter

[ 2016-11-29T05:32:16+08:00 ] 14.148.51.91 /index.php/webcenter/Register_web/join_member
INFO: [ app_init ] --START--
INFO: Run Behavior\BuildLiteBehavior [ RunTime:0.000018s ]
INFO: [ app_init ] --END-- [ RunTime:0.000324s ]
ERR: 无法加载模块:Webcenter

[ 2016-11-29T05:48:54+08:00 ] 14.148.51.91 /index.php/webcenter/Register_web/join_member
INFO: [ app_init ] --START--
INFO: Run Behavior\BuildLiteBehavior [ RunTime:0.000018s ]
INFO: [ app_init ] --END-- [ RunTime:0.000308s ]
ERR: 无法加载模块:Webcenter

[ 2016-11-29T06:18:17+08:00 ] 14.148.51.91 /index.php/webcenter/Register_web/join_member
INFO: [ app_init ] --START--
INFO: Run Behavior\BuildLiteBehavior [ RunTime:0.000018s ]
INFO: [ app_init ] --END-- [ RunTime:0.000362s ]
ERR: 无法加载模块:Webcenter

[ 2016-11-29T06:18:59+08:00 ] 14.148.51.91 /index.php/webcenter/Register_web/join_member
INFO: [ app_init ] --START--
INFO: Run Behavior\BuildLiteBehavior [ RunTime:0.000018s ]
INFO: [ app_init ] --END-- [ RunTime:0.000322s ]
ERR: 无法加载模块:Webcenter

[ 2016-11-29T07:10:46+08:00 ] 14.148.51.91 /index.php/webcenter/Register_web/join_member
INFO: [ app_init ] --START--
INFO: Run Behavior\BuildLiteBehavior [ RunTime:0.000018s ]
INFO: [ app_init ] --END-- [ RunTime:0.000310s ]
ERR: 无法加载模块:Webcenter

[ 2016-11-29T07:12:06+08:00 ] 14.148.51.91 /index.php/webcenter/Register_web/join_member
INFO: [ app_init ] --START--
INFO: Run Behavior\BuildLiteBehavior [ RunTime:0.000018s ]
INFO: [ app_init ] --END-- [ RunTime:0.000305s ]
ERR: 无法加载模块:Webcenter

[ 2016-11-29T07:12:11+08:00 ] 14.148.51.91 /index.php/webcenter/Register_web/join_member
INFO: [ app_init ] --START--
INFO: Run Behavior\BuildLiteBehavior [ RunTime:0.000018s ]
INFO: [ app_init ] --END-- [ RunTime:0.000304s ]
ERR: 无法加载模块:Webcenter

[ 2016-11-29T07:16:25+08:00 ] 14.148.51.91 /index.php/webcenter/Register_web/join_member
INFO: [ app_init ] --START--
INFO: Run Behavior\BuildLiteBehavior [ RunTime:0.000018s ]
INFO: [ app_init ] --END-- [ RunTime:0.000368s ]
ERR: 无法加载模块:Webcenter

[ 2016-11-29T07:16:44+08:00 ] 14.148.51.91 /index.php/webcenter/Register_web/join_member
INFO: [ app_init ] --START--
INFO: Run Behavior\BuildLiteBehavior [ RunTime:0.000017s ]
INFO: [ app_init ] --END-- [ RunTime:0.000313s ]
ERR: 无法加载模块:Webcenter

[ 2016-11-29T07:19:01+08:00 ] 14.148.51.91 /index.php/webcenter/Register_web/join_member
INFO: [ app_init ] --START--
INFO: Run Behavior\BuildLiteBehavior [ RunTime:0.000026s ]
INFO: [ app_init ] --END-- [ RunTime:0.000364s ]
ERR: 无法加载模块:Webcenter

[ 2016-11-29T07:19:07+08:00 ] 14.148.51.91 /index.php/webcenter/Register_web/join_member
INFO: [ app_init ] --START--
INFO: Run Behavior\BuildLiteBehavior [ RunTime:0.000017s ]
INFO: [ app_init ] --END-- [ RunTime:0.000302s ]
ERR: 无法加载模块:Webcenter

[ 2016-11-29T07:19:10+08:00 ] 14.148.51.91 /index.php/webcenter/Register_web/join_member
INFO: [ app_init ] --START--
INFO: Run Behavior\BuildLiteBehavior [ RunTime:0.000017s ]
INFO: [ app_init ] --END-- [ RunTime:0.000304s ]
ERR: 无法加载模块:Webcenter

[ 2016-11-29T07:21:54+08:00 ] 14.148.51.91 /index.php/webcenter/Register_web/join_member
INFO: [ app_init ] --START--
INFO: Run Behavior\BuildLiteBehavior [ RunTime:0.000017s ]
INFO: [ app_init ] --END-- [ RunTime:0.000331s ]
ERR: 无法加载模块:Webcenter

[ 2016-11-29T07:23:09+08:00 ] 14.148.51.91 /index.php/webcenter/Register_web/join_member
INFO: [ app_init ] --START--
INFO: Run Behavior\BuildLiteBehavior [ RunTime:0.000017s ]
INFO: [ app_init ] --END-- [ RunTime:0.000325s ]
ERR: 无法加载模块:Webcenter

[ 2016-11-29T07:23:10+08:00 ] 14.148.51.91 /index.php/webcenter/Register_web/join_member
INFO: [ app_init ] --START--
INFO: Run Behavior\BuildLiteBehavior [ RunTime:0.000018s ]
INFO: [ app_init ] --END-- [ RunTime:0.000307s ]
ERR: 无法加载模块:Webcenter

[ 2016-11-29T07:23:19+08:00 ] 14.148.51.91 /index.php/webcenter/Register_web/join_member
INFO: [ app_init ] --START--
INFO: Run Behavior\BuildLiteBehavior [ RunTime:0.000022s ]
INFO: [ app_init ] --END-- [ RunTime:0.000318s ]
ERR: 无法加载模块:Webcenter

[ 2016-11-29T07:23:21+08:00 ] 14.148.51.91 /index.php/webcenter/Register_web/join_member
INFO: [ app_init ] --START--
INFO: Run Behavior\BuildLiteBehavior [ RunTime:0.000040s ]
INFO: [ app_init ] --END-- [ RunTime:0.000466s ]
ERR: 无法加载模块:Webcenter

[ 2016-11-29T07:31:34+08:00 ] 14.148.51.91 /index.php/webcenter/Register_web/join_member
INFO: [ app_init ] --START--
INFO: Run Behavior\BuildLiteBehavior [ RunTime:0.000026s ]
INFO: [ app_init ] --END-- [ RunTime:0.000342s ]
ERR: 无法加载模块:Webcenter

[ 2016-11-29T07:32:20+08:00 ] 14.148.51.91 /index.php/webcenter/Register_web/join_member
INFO: [ app_init ] --START--
INFO: Run Behavior\BuildLiteBehavior [ RunTime:0.000017s ]
INFO: [ app_init ] --END-- [ RunTime:0.000304s ]
ERR: 无法加载模块:Webcenter

[ 2016-11-29T07:32:50+08:00 ] 14.148.51.91 /index.php/webcenter/Register_web/join_member
INFO: [ app_init ] --START--
INFO: Run Behavior\BuildLiteBehavior [ RunTime:0.000018s ]
INFO: [ app_init ] --END-- [ RunTime:0.000304s ]
ERR: 无法加载模块:Webcenter

[ 2016-11-29T07:34:32+08:00 ] 14.148.51.91 /index.php/webcenter/Register_web/join_member
INFO: [ app_init ] --START--
INFO: Run Behavior\BuildLiteBehavior [ RunTime:0.000017s ]
INFO: [ app_init ] --END-- [ RunTime:0.000335s ]
ERR: 无法加载模块:Webcenter

[ 2016-11-29T07:36:00+08:00 ] 14.148.51.91 /index.php/webcenter/Register_web/join_member
INFO: [ app_init ] --START--
INFO: Run Behavior\BuildLiteBehavior [ RunTime:0.000017s ]
INFO: [ app_init ] --END-- [ RunTime:0.000324s ]
ERR: 无法加载模块:Webcenter

[ 2016-11-29T07:36:01+08:00 ] 14.148.51.91 /index.php/webcenter/Register_web/join_member
INFO: [ app_init ] --START--
INFO: Run Behavior\BuildLiteBehavior [ RunTime:0.000016s ]
INFO: [ app_init ] --END-- [ RunTime:0.000290s ]
ERR: 无法加载模块:Webcenter

[ 2016-11-29T07:36:02+08:00 ] 14.148.51.91 /index.php/webcenter/Register_web/join_member
INFO: [ app_init ] --START--
INFO: Run Behavior\BuildLiteBehavior [ RunTime:0.000019s ]
INFO: [ app_init ] --END-- [ RunTime:0.000301s ]
ERR: 无法加载模块:Webcenter

[ 2016-11-29T07:36:13+08:00 ] 14.148.51.91 /index.php/webcenter/Register_web/join_member
INFO: [ app_init ] --START--
INFO: Run Behavior\BuildLiteBehavior [ RunTime:0.000021s ]
INFO: [ app_init ] --END-- [ RunTime:0.000332s ]
ERR: 无法加载模块:Webcenter

[ 2016-11-29T07:37:19+08:00 ] 14.148.51.91 /index.php/webcenter/Register_web/join_member
INFO: [ app_init ] --START--
INFO: Run Behavior\BuildLiteBehavior [ RunTime:0.000018s ]
INFO: [ app_init ] --END-- [ RunTime:0.000318s ]
ERR: 无法加载模块:Webcenter

[ 2016-11-29T07:40:46+08:00 ] 14.148.51.91 /index.php/webcenter/Register_web/join_member
INFO: [ app_init ] --START--
INFO: Run Behavior\BuildLiteBehavior [ RunTime:0.000018s ]
INFO: [ app_init ] --END-- [ RunTime:0.000310s ]
ERR: 无法加载模块:Webcenter

[ 2016-11-29T07:44:59+08:00 ] 14.148.51.91 /index.php/webcenter/Register_web/join_member
INFO: [ app_init ] --START--
INFO: Run Behavior\BuildLiteBehavior [ RunTime:0.000022s ]
INFO: [ app_init ] --END-- [ RunTime:0.000322s ]
ERR: 无法加载模块:Webcenter

[ 2016-11-29T07:45:06+08:00 ] 14.148.51.91 //index.php/webcenter/Register_web/join_member
INFO: [ app_init ] --START--
INFO: Run Behavior\BuildLiteBehavior [ RunTime:0.000024s ]
INFO: [ app_init ] --END-- [ RunTime:0.000404s ]
ERR: 无法加载模块:Webcenter

[ 2016-11-29T07:46:26+08:00 ] 14.148.51.91 /index.php/webcenter/Register_web/join_member
INFO: [ app_init ] --START--
INFO: Run Behavior\BuildLiteBehavior [ RunTime:0.000018s ]
INFO: [ app_init ] --END-- [ RunTime:0.000298s ]
ERR: 无法加载模块:Webcenter

[ 2016-11-29T07:46:27+08:00 ] 14.148.51.91 /index.php/webcenter/Register_web/join_member
INFO: [ app_init ] --START--
INFO: Run Behavior\BuildLiteBehavior [ RunTime:0.000018s ]
INFO: [ app_init ] --END-- [ RunTime:0.000331s ]
ERR: 无法加载模块:Webcenter

[ 2016-11-29T07:50:31+08:00 ] 14.148.51.91 /index.php/webcenter/Register_web/join_member
INFO: [ app_init ] --START--
INFO: Run Behavior\BuildLiteBehavior [ RunTime:0.000020s ]
INFO: [ app_init ] --END-- [ RunTime:0.000399s ]
ERR: 无法加载模块:Webcenter

[ 2016-11-29T07:50:49+08:00 ] 14.148.51.91 /index.php/webcenter/Register_web/join_member
INFO: [ app_init ] --START--
INFO: Run Behavior\BuildLiteBehavior [ RunTime:0.000018s ]
INFO: [ app_init ] --END-- [ RunTime:0.000304s ]
ERR: 无法加载模块:Webcenter

[ 2016-11-29T07:50:51+08:00 ] 14.148.51.91 /index.php/webcenter/Register_web/join_member
INFO: [ app_init ] --START--
INFO: Run Behavior\BuildLiteBehavior [ RunTime:0.000018s ]
INFO: [ app_init ] --END-- [ RunTime:0.000336s ]
ERR: 无法加载模块:Webcenter

[ 2016-11-29T07:50:59+08:00 ] 14.148.51.91 /index.php/webcenter/Register_web/join_member
INFO: [ app_init ] --START--
INFO: Run Behavior\BuildLiteBehavior [ RunTime:0.000017s ]
INFO: [ app_init ] --END-- [ RunTime:0.000307s ]
ERR: 无法加载模块:Webcenter

[ 2016-11-29T07:51:11+08:00 ] 14.148.51.91 /index.php/webcenter/Register_web/join_member
INFO: [ app_init ] --START--
INFO: Run Behavior\BuildLiteBehavior [ RunTime:0.000017s ]
INFO: [ app_init ] --END-- [ RunTime:0.000329s ]
ERR: 无法加载模块:Webcenter

[ 2016-11-29T07:51:14+08:00 ] 14.148.51.91 /index.php/webcenter/Register_web/join_member
INFO: [ app_init ] --START--
INFO: Run Behavior\BuildLiteBehavior [ RunTime:0.000021s ]
INFO: [ app_init ] --END-- [ RunTime:0.000336s ]
ERR: 无法加载模块:Webcenter

[ 2016-11-29T07:53:39+08:00 ] 14.148.51.91 /index.php/webcenter/Register_web/join_member
INFO: [ app_init ] --START--
INFO: Run Behavior\BuildLiteBehavior [ RunTime:0.000023s ]
INFO: [ app_init ] --END-- [ RunTime:0.000351s ]
ERR: 无法加载模块:Webcenter

[ 2016-11-29T07:58:26+08:00 ] 14.148.51.91 /index.php/webcenter/Register_web/join_member
INFO: [ app_init ] --START--
INFO: Run Behavior\BuildLiteBehavior [ RunTime:0.000017s ]
INFO: [ app_init ] --END-- [ RunTime:0.000303s ]
ERR: 无法加载模块:Webcenter

[ 2016-11-29T08:11:38+08:00 ] 14.148.51.91 /index.php/webcenter/Register_web/join_member
INFO: [ app_init ] --START--
INFO: Run Behavior\BuildLiteBehavior [ RunTime:0.000019s ]
INFO: [ app_init ] --END-- [ RunTime:0.000309s ]
ERR: 无法加载模块:Webcenter

[ 2016-11-29T09:03:25+08:00 ] 14.148.51.91 /index.php/webcenter/Register_web/join_member
INFO: [ app_init ] --START--
INFO: Run Behavior\BuildLiteBehavior [ RunTime:0.000018s ]
INFO: [ app_init ] --END-- [ RunTime:0.000327s ]
ERR: 无法加载模块:Webcenter

[ 2016-11-29T14:18:22+08:00 ] 14.148.51.91 /index.php/webcenter/Register_web/join_member
INFO: [ app_init ] --START--
INFO: Run Behavior\BuildLiteBehavior [ RunTime:0.000020s ]
INFO: [ app_init ] --END-- [ RunTime:0.000336s ]
ERR: 无法加载模块:Webcenter

[ 2016-11-29T14:25:33+08:00 ] 14.148.51.91 /index.php/webcenter/Register_web/join_member
INFO: [ app_init ] --START--
INFO: Run Behavior\BuildLiteBehavior [ RunTime:0.000036s ]
INFO: [ app_init ] --END-- [ RunTime:0.000327s ]
ERR: 无法加载模块:Webcenter

[ 2016-11-29T14:45:42+08:00 ] 14.148.51.91 /index.php/webcenter/Register_web/join_member
INFO: [ app_init ] --START--
INFO: Run Behavior\BuildLiteBehavior [ RunTime:0.000017s ]
INFO: [ app_init ] --END-- [ RunTime:0.000319s ]
ERR: 无法加载模块:Webcenter

[ 2016-11-29T15:57:52+08:00 ] 14.148.51.91 /index.php/webcenter/Register_web/join_member
INFO: [ app_init ] --START--
INFO: Run Behavior\BuildLiteBehavior [ RunTime:0.000018s ]
INFO: [ app_init ] --END-- [ RunTime:0.000320s ]
ERR: 无法加载模块:Webcenter

[ 2016-11-29T16:00:38+08:00 ] 14.148.51.91 /index.php/webcenter/Register_web/join_member
INFO: [ app_init ] --START--
INFO: Run Behavior\BuildLiteBehavior [ RunTime:0.000023s ]
INFO: [ app_init ] --END-- [ RunTime:0.000348s ]
ERR: 无法加载模块:Webcenter

[ 2016-11-29T16:01:53+08:00 ] 14.148.51.91 /index.php/webcenter/Register_web/join_member
INFO: [ app_init ] --START--
INFO: Run Behavior\BuildLiteBehavior [ RunTime:0.000017s ]
INFO: [ app_init ] --END-- [ RunTime:0.000324s ]
ERR: 无法加载模块:Webcenter

[ 2016-11-29T16:10:22+08:00 ] 14.148.51.91 /index.php/webcenter/Register_web/join_member
INFO: [ app_init ] --START--
INFO: Run Behavior\BuildLiteBehavior [ RunTime:0.000018s ]
INFO: [ app_init ] --END-- [ RunTime:0.000308s ]
ERR: 无法加载模块:Webcenter

[ 2016-11-29T16:30:37+08:00 ] 14.148.51.91 /index.php/webcenter/Register_web/join_member
INFO: [ app_init ] --START--
INFO: Run Behavior\BuildLiteBehavior [ RunTime:0.000018s ]
INFO: [ app_init ] --END-- [ RunTime:0.000307s ]
ERR: 无法加载模块:Webcenter

[ 2016-11-29T16:38:04+08:00 ] 192.169.140.141 /index.php/webcenter/Register_web/join_member
INFO: [ app_init ] --START--
INFO: Run Behavior\BuildLiteBehavior [ RunTime:0.000022s ]
INFO: [ app_init ] --END-- [ RunTime:0.000325s ]
ERR: 无法加载模块:Webcenter

[ 2016-11-29T16:52:48+08:00 ] 192.169.140.141 //index.php/webcenter/Register_web/join_member
INFO: [ app_init ] --START--
INFO: Run Behavior\BuildLiteBehavior [ RunTime:0.000018s ]
INFO: [ app_init ] --END-- [ RunTime:0.000297s ]
ERR: 无法加载模块:Webcenter

[ 2016-11-29T17:12:47+08:00 ] 14.148.51.91 /index.php/webcenter/Register_web/join_member
INFO: [ app_init ] --START--
INFO: Run Behavior\BuildLiteBehavior [ RunTime:0.000019s ]
INFO: [ app_init ] --END-- [ RunTime:0.000306s ]
ERR: 无法加载模块:Webcenter

[ 2016-11-29T17:13:57+08:00 ] 14.148.51.91 /index.php/webcenter/Register_web/join_member
INFO: [ app_init ] --START--
INFO: Run Behavior\BuildLiteBehavior [ RunTime:0.000018s ]
INFO: [ app_init ] --END-- [ RunTime:0.000340s ]
ERR: 无法加载模块:Webcenter

[ 2016-11-29T19:44:18+08:00 ] 192.169.140.141 /index.php/webcenter/Register_web/join_member
INFO: [ app_init ] --START--
INFO: Run Behavior\BuildLiteBehavior [ RunTime:0.000019s ]
INFO: [ app_init ] --END-- [ RunTime:0.000309s ]
ERR: 无法加载模块:Webcenter

[ 2016-11-29T19:46:12+08:00 ] 192.169.140.141 /index.php/webcenter/Register_web/join_member
INFO: [ app_init ] --START--
INFO: Run Behavior\BuildLiteBehavior [ RunTime:0.000024s ]
INFO: [ app_init ] --END-- [ RunTime:0.000370s ]
ERR: 无法加载模块:Webcenter

