[ 2016-11-30T05:06:06+08:00 ] 192.169.140.141 /index.php/webcenter/Register_web/join_member
INFO: [ app_init ] --START--
INFO: Run Behavior\BuildLiteBehavior [ RunTime:0.000022s ]
INFO: [ app_init ] --END-- [ RunTime:0.000425s ]
ERR: 无法加载模块:Webcenter

[ 2016-11-30T05:36:02+08:00 ] 192.169.140.141 /index.php/webcenter/Register_web/join_member
INFO: [ app_init ] --START--
INFO: Run Behavior\BuildLiteBehavior [ RunTime:0.000021s ]
INFO: [ app_init ] --END-- [ RunTime:0.000314s ]
ERR: 无法加载模块:Webcenter

[ 2016-11-30T05:36:57+08:00 ] 192.169.140.141 /index.php/webcenter/Register_web/join_member
INFO: [ app_init ] --START--
INFO: Run Behavior\BuildLiteBehavior [ RunTime:0.000034s ]
INFO: [ app_init ] --END-- [ RunTime:0.000322s ]
ERR: 无法加载模块:Webcenter

[ 2016-11-30T05:57:03+08:00 ] 192.169.140.141 /index.php/webcenter/Register_web/join_member
INFO: [ app_init ] --START--
INFO: Run Behavior\BuildLiteBehavior [ RunTime:0.000020s ]
INFO: [ app_init ] --END-- [ RunTime:0.000321s ]
ERR: 无法加载模块:Webcenter

[ 2016-11-30T06:23:56+08:00 ] 192.169.140.141 /index.php/webcenter/Register_web/join_member
INFO: [ app_init ] --START--
INFO: Run Behavior\BuildLiteBehavior [ RunTime:0.000021s ]
INFO: [ app_init ] --END-- [ RunTime:0.000337s ]
ERR: 无法加载模块:Webcenter

[ 2016-11-30T06:30:38+08:00 ] 192.169.140.141 /index.php/webcenter/Register_web/join_member
INFO: [ app_init ] --START--
INFO: Run Behavior\BuildLiteBehavior [ RunTime:0.000020s ]
INFO: [ app_init ] --END-- [ RunTime:0.000310s ]
ERR: 无法加载模块:Webcenter

[ 2016-11-30T12:14:41+08:00 ] 58.58.36.34 /index.php/module/aciton/param1/$%7B@phpinfo()%7D
INFO: [ app_init ] --START--
INFO: Run Behavior\BuildLiteBehavior [ RunTime:0.000027s ]
INFO: [ app_init ] --END-- [ RunTime:0.000514s ]
ERR: 无法加载模块:Module

[ 2016-11-30T12:14:41+08:00 ] 221.215.97.58 /index.php?s=/module/aciton/param1/$%7B@phpinfo()%7D
INFO: [ app_init ] --START--
INFO: Run Behavior\BuildLiteBehavior [ RunTime:0.000015s ]
INFO: [ app_init ] --END-- [ RunTime:0.000293s ]
ERR: 无法加载模块:Module

[ 2016-11-30T12:50:25+08:00 ] 192.169.140.141 /index.php/webcenter/Register_web/join_member
INFO: [ app_init ] --START--
INFO: Run Behavior\BuildLiteBehavior [ RunTime:0.000017s ]
INFO: [ app_init ] --END-- [ RunTime:0.000299s ]
ERR: 无法加载模块:Webcenter

[ 2016-11-30T23:00:28+08:00 ] 192.169.140.141 /index.php/webcenter/Register_web/join_member
INFO: [ app_init ] --START--
INFO: Run Behavior\BuildLiteBehavior [ RunTime:0.000021s ]
INFO: [ app_init ] --END-- [ RunTime:0.000312s ]
ERR: 无法加载模块:Webcenter

