[ 2016-11-23T22:38:20+08:00 ] 192.243.55.133 /index.php?a=lists&c=tag&m=content&tag=%EF%BF%BD%EF%BF%BD%EF%BF%BD%EF%BF%BD
INFO: [ app_init ] --START--
INFO: Run Behavior\BuildLiteBehavior [ RunTime:0.000018s ]
INFO: [ app_init ] --END-- [ RunTime:0.000312s ]
ERR: 无法加载模块:Content

[ 2016-11-23T22:40:01+08:00 ] 192.169.140.141 /index.php/webcenter/Register_web/join_member
INFO: [ app_init ] --START--
INFO: Run Behavior\BuildLiteBehavior [ RunTime:0.000019s ]
INFO: [ app_init ] --END-- [ RunTime:0.000307s ]
ERR: 无法加载模块:Webcenter

[ 2016-11-23T22:44:50+08:00 ] 192.243.55.133 /index.php?a=show&c=index&catid=26&id=1210&m=content
INFO: [ app_init ] --START--
INFO: Run Behavior\BuildLiteBehavior [ RunTime:0.000020s ]
INFO: [ app_init ] --END-- [ RunTime:0.000420s ]
ERR: 无法加载模块:Content

[ 2016-11-23T22:58:33+08:00 ] 192.243.55.134 /index.php?a=show&c=index&catid=26&id=1214&m=content
INFO: [ app_init ] --START--
INFO: Run Behavior\BuildLiteBehavior [ RunTime:0.000019s ]
INFO: [ app_init ] --END-- [ RunTime:0.000327s ]
ERR: 无法加载模块:Content

[ 2016-11-23T23:13:52+08:00 ] 192.243.55.136 /index.php?a=lists&c=tag&m=content&tag=%EF%BF%BD%EF%BF%BD%EF%BF%BD%EF%BF%BD
INFO: [ app_init ] --START--
INFO: Run Behavior\BuildLiteBehavior [ RunTime:0.000019s ]
INFO: [ app_init ] --END-- [ RunTime:0.000316s ]
ERR: 无法加载模块:Content

[ 2016-11-23T23:14:56+08:00 ] 192.243.55.135 /index.php?c=search&catid=16&m=content
INFO: [ app_init ] --START--
INFO: Run Behavior\BuildLiteBehavior [ RunTime:0.000023s ]
INFO: [ app_init ] --END-- [ RunTime:0.000428s ]
ERR: 无法加载模块:Content

