[ 2016-11-24T03:42:08+08:00 ] 192.169.140.141 /index.php/webcenter/Register_web/join_member
INFO: [ app_init ] --START--
INFO: Run Behavior\BuildLiteBehavior [ RunTime:0.000016s ]
INFO: [ app_init ] --END-- [ RunTime:0.000298s ]
ERR: 无法加载模块:Webcenter

[ 2016-11-24T06:32:36+08:00 ] 180.97.106.161 /index.php/module/action/param1/${@print(md5(1))}
INFO: [ app_init ] --START--
INFO: Run Behavior\BuildLiteBehavior [ RunTime:0.000018s ]
INFO: [ app_init ] --END-- [ RunTime:0.000299s ]
ERR: 无法加载模块:Module

[ 2016-11-24T06:32:40+08:00 ] 180.97.106.161 /index.php/module/action/param1/test}
INFO: [ app_init ] --START--
INFO: Run Behavior\BuildLiteBehavior [ RunTime:0.000019s ]
INFO: [ app_init ] --END-- [ RunTime:0.000309s ]
ERR: 无法加载模块:Module

[ 2016-11-24T06:40:43+08:00 ] 220.181.108.160 /index.php?m=content&c=tag&a=lists&tag=%B0%B2%D1%F4
INFO: [ app_init ] --START--
INFO: Run Behavior\BuildLiteBehavior [ RunTime:0.000017s ]
INFO: [ app_init ] --END-- [ RunTime:0.000300s ]
ERR: 无法加载模块:Content

[ 2016-11-24T06:47:40+08:00 ] 180.97.106.37 /index.php/module/action/param1/${@print(md5(1))}
INFO: [ app_init ] --START--
INFO: Run Behavior\BuildLiteBehavior [ RunTime:0.000015s ]
INFO: [ app_init ] --END-- [ RunTime:0.000289s ]
ERR: 无法加载模块:Module

[ 2016-11-24T06:54:09+08:00 ] 192.169.140.141 /index.php/webcenter/Register_web/join_member
INFO: [ app_init ] --START--
INFO: Run Behavior\BuildLiteBehavior [ RunTime:0.000018s ]
INFO: [ app_init ] --END-- [ RunTime:0.000301s ]
ERR: 无法加载模块:Webcenter

[ 2016-11-24T07:57:46+08:00 ] 192.169.140.141 /index.php/webcenter/Register_web/join_member
INFO: [ app_init ] --START--
INFO: Run Behavior\BuildLiteBehavior [ RunTime:0.000017s ]
INFO: [ app_init ] --END-- [ RunTime:0.000316s ]
ERR: 无法加载模块:Webcenter

[ 2016-11-24T08:35:38+08:00 ] 192.243.55.137 /index.php?a=lists&c=tag&m=content&tag=%EF%BF%BD%EF%BF%BD%EF%BF%BD%EF%BF%BD
INFO: [ app_init ] --START--
INFO: Run Behavior\BuildLiteBehavior [ RunTime:0.000019s ]
INFO: [ app_init ] --END-- [ RunTime:0.000311s ]
ERR: 无法加载模块:Content

[ 2016-11-24T08:51:39+08:00 ] 192.169.140.141 /index.php/webcenter/Register_web/join_member
INFO: [ app_init ] --START--
INFO: Run Behavior\BuildLiteBehavior [ RunTime:0.000016s ]
INFO: [ app_init ] --END-- [ RunTime:0.000309s ]
ERR: 无法加载模块:Webcenter

[ 2016-11-24T09:21:24+08:00 ] 192.169.140.141 /index.php/webcenter/Register_web/join_member
INFO: [ app_init ] --START--
INFO: Run Behavior\BuildLiteBehavior [ RunTime:0.000023s ]
INFO: [ app_init ] --END-- [ RunTime:0.000337s ]
ERR: 无法加载模块:Webcenter

[ 2016-11-24T09:35:51+08:00 ] 192.169.140.141 /index.php/webcenter/Register_web/join_member
INFO: [ app_init ] --START--
INFO: Run Behavior\BuildLiteBehavior [ RunTime:0.000016s ]
INFO: [ app_init ] --END-- [ RunTime:0.000295s ]
ERR: 无法加载模块:Webcenter

[ 2016-11-24T11:23:14+08:00 ] 192.169.140.141 /index.php/webcenter/Register_web/join_member
INFO: [ app_init ] --START--
INFO: Run Behavior\BuildLiteBehavior [ RunTime:0.000017s ]
INFO: [ app_init ] --END-- [ RunTime:0.000318s ]
ERR: 无法加载模块:Webcenter

[ 2016-11-24T23:38:20+08:00 ] 14.148.0.123 /index.php/webcenter/Register_web/join_member
INFO: [ app_init ] --START--
INFO: Run Behavior\BuildLiteBehavior [ RunTime:0.000019s ]
INFO: [ app_init ] --END-- [ RunTime:0.000321s ]
ERR: 无法加载模块:Webcenter

[ 2016-11-24T23:38:29+08:00 ] 14.148.0.123 /index.php/webcenter/Register_web/join_member
INFO: [ app_init ] --START--
INFO: Run Behavior\BuildLiteBehavior [ RunTime:0.000018s ]
INFO: [ app_init ] --END-- [ RunTime:0.000318s ]
ERR: 无法加载模块:Webcenter

[ 2016-11-24T23:38:38+08:00 ] 14.148.0.123 /index.php/webcenter/Register_web/join_member
INFO: [ app_init ] --START--
INFO: Run Behavior\BuildLiteBehavior [ RunTime:0.000017s ]
INFO: [ app_init ] --END-- [ RunTime:0.000304s ]
ERR: 无法加载模块:Webcenter

