[ 2016-12-01T09:34:51+08:00 ] 131.161.9.201 /index.php?m=item&a=index&id=13098
INFO: [ app_init ] --START--
INFO: Run Behavior\BuildLiteBehavior [ RunTime:0.000021s ]
INFO: [ app_init ] --END-- [ RunTime:0.000316s ]
ERR: 无法加载模块:Item

[ 2016-12-01T13:13:11+08:00 ] 40.77.167.18 /index.php/user/login
INFO: [ app_init ] --START--
INFO: Run Behavior\BuildLiteBehavior [ RunTime:0.000017s ]
INFO: [ app_init ] --END-- [ RunTime:0.000324s ]
ERR: 无法加载模块:User

[ 2016-12-01T14:50:39+08:00 ] 40.77.167.18 /index.php/user/login
INFO: [ app_init ] --START--
INFO: Run Behavior\BuildLiteBehavior [ RunTime:0.000017s ]
INFO: [ app_init ] --END-- [ RunTime:0.000327s ]
ERR: 无法加载模块:User

[ 2016-12-01T15:52:14+08:00 ] 192.169.140.141 /index.php/webcenter/Register_web/join_member
INFO: [ app_init ] --START--
INFO: Run Behavior\BuildLiteBehavior [ RunTime:0.000018s ]
INFO: [ app_init ] --END-- [ RunTime:0.000302s ]
ERR: 无法加载模块:Webcenter

[ 2016-12-01T16:45:16+08:00 ] 14.215.176.20 /index.php/module/action/param1/${@print(md5(1))}
INFO: [ app_init ] --START--
INFO: Run Behavior\BuildLiteBehavior [ RunTime:0.000023s ]
INFO: [ app_init ] --END-- [ RunTime:0.000372s ]
ERR: 无法加载模块:Module

[ 2016-12-01T16:45:18+08:00 ] 14.215.176.20 /index.php/module/action/param1/test}
INFO: [ app_init ] --START--
INFO: Run Behavior\BuildLiteBehavior [ RunTime:0.000023s ]
INFO: [ app_init ] --END-- [ RunTime:0.000440s ]
ERR: 无法加载模块:Module

[ 2016-12-01T18:25:11+08:00 ] 46.229.168.67 /index.php?a=index&act=view&iid=15751913943&m=index&mod=tao&p=4&promotion_endtime=1388591999&promotion_price=55.01
INFO: [ app_init ] --START--
INFO: Run Behavior\BuildLiteBehavior [ RunTime:0.000019s ]
INFO: [ app_init ] --END-- [ RunTime:0.000310s ]
ERR: 无法加载模块:Index

[ 2016-12-01T18:25:45+08:00 ] 46.229.168.71 /index.php?a=index&act=view&iid=19989676855&m=index&mod=tao&p=9
INFO: [ app_init ] --START--
INFO: Run Behavior\BuildLiteBehavior [ RunTime:0.000026s ]
INFO: [ app_init ] --END-- [ RunTime:0.000452s ]
ERR: 无法加载模块:Index

[ 2016-12-01T18:26:41+08:00 ] 46.229.168.74 /index.php?a=index&act=view&id=15&m=index&mod=baobei&p=7
INFO: [ app_init ] --START--
INFO: Run Behavior\BuildLiteBehavior [ RunTime:0.000018s ]
INFO: [ app_init ] --END-- [ RunTime:0.000325s ]
ERR: 无法加载模块:Index

[ 2016-12-01T18:26:52+08:00 ] 46.229.168.71 /index.php?a=index&act=view&iid=19989676855&m=index&mod=tao&p=5
INFO: [ app_init ] --START--
INFO: Run Behavior\BuildLiteBehavior [ RunTime:0.000019s ]
INFO: [ app_init ] --END-- [ RunTime:0.000309s ]
ERR: 无法加载模块:Index

[ 2016-12-01T18:28:16+08:00 ] 46.229.168.66 /index.php?a=index&act=view&id=14&m=index&mod=baobei&p=8
INFO: [ app_init ] --START--
INFO: Run Behavior\BuildLiteBehavior [ RunTime:0.000018s ]
INFO: [ app_init ] --END-- [ RunTime:0.000334s ]
ERR: 无法加载模块:Index

[ 2016-12-01T18:28:52+08:00 ] 46.229.168.65 /index.php?a=index&act=view&id=13&m=index&mod=baobei&p=10
INFO: [ app_init ] --START--
INFO: Run Behavior\BuildLiteBehavior [ RunTime:0.000028s ]
INFO: [ app_init ] --END-- [ RunTime:0.000493s ]
ERR: 无法加载模块:Index

[ 2016-12-01T18:30:09+08:00 ] 46.229.168.69 /index.php?a=index&act=view&id=15&m=index&mod=baobei&p=8
INFO: [ app_init ] --START--
INFO: Run Behavior\BuildLiteBehavior [ RunTime:0.000025s ]
INFO: [ app_init ] --END-- [ RunTime:0.000404s ]
ERR: 无法加载模块:Index

[ 2016-12-01T18:30:54+08:00 ] 46.229.168.73 /index.php?a=index&id=24953&m=item
INFO: [ app_init ] --START--
INFO: Run Behavior\BuildLiteBehavior [ RunTime:0.000021s ]
INFO: [ app_init ] --END-- [ RunTime:0.000330s ]
ERR: 无法加载模块:Item

[ 2016-12-01T18:31:09+08:00 ] 46.229.168.72 /index.php?a=index&act=view&iid=18057377017&m=index&mod=tao&p=4
INFO: [ app_init ] --START--
INFO: Run Behavior\BuildLiteBehavior [ RunTime:0.000018s ]
INFO: [ app_init ] --END-- [ RunTime:0.000306s ]
ERR: 无法加载模块:Index

[ 2016-12-01T18:31:26+08:00 ] 46.229.168.70 /index.php?a=index&act=view&iid=19842191438&m=index&mod=tao&p=9
INFO: [ app_init ] --START--
INFO: Run Behavior\BuildLiteBehavior [ RunTime:0.000020s ]
INFO: [ app_init ] --END-- [ RunTime:0.000334s ]
ERR: 无法加载模块:Index

[ 2016-12-01T18:33:39+08:00 ] 46.229.168.71 /index.php?a=index&act=view&iid=19842191438&m=index&mod=tao&p=6
INFO: [ app_init ] --START--
INFO: Run Behavior\BuildLiteBehavior [ RunTime:0.000032s ]
INFO: [ app_init ] --END-- [ RunTime:0.000562s ]
ERR: 无法加载模块:Index

[ 2016-12-01T18:34:17+08:00 ] 46.229.168.73 /index.php?a=index&act=view&iid=18057377017&m=index&mod=tao&p=9
INFO: [ app_init ] --START--
INFO: Run Behavior\BuildLiteBehavior [ RunTime:0.000020s ]
INFO: [ app_init ] --END-- [ RunTime:0.000564s ]
ERR: 无法加载模块:Index

[ 2016-12-01T18:34:18+08:00 ] 46.229.168.72 /index.php?a=index&act=view&id=15&m=index&mod=baobei&p=10
INFO: [ app_init ] --START--
INFO: Run Behavior\BuildLiteBehavior [ RunTime:0.000024s ]
INFO: [ app_init ] --END-- [ RunTime:0.000353s ]
ERR: 无法加载模块:Index

[ 2016-12-01T18:34:25+08:00 ] 46.229.168.70 /index.php?a=index&id=24949&m=item
INFO: [ app_init ] --START--
INFO: Run Behavior\BuildLiteBehavior [ RunTime:0.000018s ]
INFO: [ app_init ] --END-- [ RunTime:0.000310s ]
ERR: 无法加载模块:Item

[ 2016-12-01T18:34:49+08:00 ] 46.229.168.70 /index.php?a=index&id=24942&m=item
INFO: [ app_init ] --START--
INFO: Run Behavior\BuildLiteBehavior [ RunTime:0.000019s ]
INFO: [ app_init ] --END-- [ RunTime:0.000319s ]
ERR: 无法加载模块:Item

[ 2016-12-01T18:35:09+08:00 ] 46.229.168.70 /index.php?a=index&act=view&iid=18057377017&m=index&mod=tao&p=510
INFO: [ app_init ] --START--
INFO: Run Behavior\BuildLiteBehavior [ RunTime:0.000017s ]
INFO: [ app_init ] --END-- [ RunTime:0.000305s ]
ERR: 无法加载模块:Index

[ 2016-12-01T18:36:26+08:00 ] 46.229.168.74 /index.php?a=cate&cid=4&m=index
INFO: [ app_init ] --START--
INFO: Run Behavior\BuildLiteBehavior [ RunTime:0.000023s ]
INFO: [ app_init ] --END-- [ RunTime:0.000389s ]
ERR: 无法加载模块:Index

[ 2016-12-01T18:37:03+08:00 ] 46.229.168.68 /index.php?a=index&act=view&id=14&m=index&mod=baobei&p=5
INFO: [ app_init ] --START--
INFO: Run Behavior\BuildLiteBehavior [ RunTime:0.000019s ]
INFO: [ app_init ] --END-- [ RunTime:0.000335s ]
ERR: 无法加载模块:Index

[ 2016-12-01T18:37:19+08:00 ] 46.229.168.71 /index.php?a=cate&cid=105&m=index
INFO: [ app_init ] --START--
INFO: Run Behavior\BuildLiteBehavior [ RunTime:0.000018s ]
INFO: [ app_init ] --END-- [ RunTime:0.000330s ]
ERR: 无法加载模块:Index

[ 2016-12-01T18:37:59+08:00 ] 46.229.168.70 /index.php?a=index&act=index&cid=5&m=index&mod=help&p=4
INFO: [ app_init ] --START--
INFO: Run Behavior\BuildLiteBehavior [ RunTime:0.000017s ]
INFO: [ app_init ] --END-- [ RunTime:0.000314s ]
ERR: 无法加载模块:Index

[ 2016-12-01T18:38:06+08:00 ] 46.229.168.71 /index.php?a=index&act=view&iid=9893885347&m=index&mod=tao&p=6
INFO: [ app_init ] --START--
INFO: Run Behavior\BuildLiteBehavior [ RunTime:0.000018s ]
INFO: [ app_init ] --END-- [ RunTime:0.000309s ]
ERR: 无法加载模块:Index

[ 2016-12-01T18:38:36+08:00 ] 46.229.168.68 /index.php?a=index&act=view&iid=14804314737&m=index&mod=tao&p=9&promotion_endtime=1388591999&promotion_price=49.01
INFO: [ app_init ] --START--
INFO: Run Behavior\BuildLiteBehavior [ RunTime:0.000017s ]
INFO: [ app_init ] --END-- [ RunTime:0.000326s ]
ERR: 无法加载模块:Index

[ 2016-12-01T18:39:24+08:00 ] 46.229.168.65 /index.php?a=index&act=view&iid=15751913943&m=index&mod=tao&p=5&promotion_endtime=1388591999&promotion_price=55.01
INFO: [ app_init ] --START--
INFO: Run Behavior\BuildLiteBehavior [ RunTime:0.000018s ]
INFO: [ app_init ] --END-- [ RunTime:0.000314s ]
ERR: 无法加载模块:Index

[ 2016-12-01T18:39:38+08:00 ] 46.229.168.70 /index.php?a=cate&cid=110&m=index
INFO: [ app_init ] --START--
INFO: Run Behavior\BuildLiteBehavior [ RunTime:0.000021s ]
INFO: [ app_init ] --END-- [ RunTime:0.000309s ]
ERR: 无法加载模块:Index

[ 2016-12-01T18:40:11+08:00 ] 46.229.168.67 /index.php?a=index&act=index&cid=5&m=index&mod=help&p=7
INFO: [ app_init ] --START--
INFO: Run Behavior\BuildLiteBehavior [ RunTime:0.000018s ]
INFO: [ app_init ] --END-- [ RunTime:0.000306s ]
ERR: 无法加载模块:Index

[ 2016-12-01T18:40:13+08:00 ] 46.229.168.71 /index.php?a=index&act=index&cid=5&m=index&mod=help&p=510
INFO: [ app_init ] --START--
INFO: Run Behavior\BuildLiteBehavior [ RunTime:0.000018s ]
INFO: [ app_init ] --END-- [ RunTime:0.000308s ]
ERR: 无法加载模块:Index

[ 2016-12-01T18:41:42+08:00 ] 46.229.168.73 /index.php?a=index&act=view&iid=15751913943&m=index&mod=tao&p=6&promotion_endtime=1388591999&promotion_price=55.01
INFO: [ app_init ] --START--
INFO: Run Behavior\BuildLiteBehavior [ RunTime:0.000017s ]
INFO: [ app_init ] --END-- [ RunTime:0.000307s ]
ERR: 无法加载模块:Index

[ 2016-12-01T18:45:11+08:00 ] 46.229.168.74 /index.php?a=index&act=index&cid=4&m=index&mod=help&p=6
INFO: [ app_init ] --START--
INFO: Run Behavior\BuildLiteBehavior [ RunTime:0.000017s ]
INFO: [ app_init ] --END-- [ RunTime:0.000310s ]
ERR: 无法加载模块:Index

[ 2016-12-01T18:48:01+08:00 ] 46.229.168.72 /index.php?a=index&act=view&id=15&m=index&mod=baobei&p=510
INFO: [ app_init ] --START--
INFO: Run Behavior\BuildLiteBehavior [ RunTime:0.000021s ]
INFO: [ app_init ] --END-- [ RunTime:0.000397s ]
ERR: 无法加载模块:Index

[ 2016-12-01T18:48:15+08:00 ] 46.229.168.66 /index.php?a=index&act=s8&m=index&mod=jump&p=9&url=aHR0cDovL2RpYW5wdS50YW8xMjMuY29tP3BpZD1tbV8yNTcxMTgzN18yODAzMzE5XzEwODM3NzU3JmV2ZW50aWQ9MTAyMTY3
INFO: [ app_init ] --START--
INFO: Run Behavior\BuildLiteBehavior [ RunTime:0.000023s ]
INFO: [ app_init ] --END-- [ RunTime:0.000324s ]
ERR: 无法加载模块:Index

[ 2016-12-01T18:50:44+08:00 ] 46.229.168.70 /index.php?a=index&act=view&iid=19989676855&m=index&mod=tao&p=4
INFO: [ app_init ] --START--
INFO: Run Behavior\BuildLiteBehavior [ RunTime:0.000020s ]
INFO: [ app_init ] --END-- [ RunTime:0.000330s ]
ERR: 无法加载模块:Index

[ 2016-12-01T18:50:56+08:00 ] 46.229.168.71 /index.php?a=index&act=view&iid=15751913943&m=index&mod=tao&p=510&promotion_endtime=1388591999&promotion_price=55.01
INFO: [ app_init ] --START--
INFO: Run Behavior\BuildLiteBehavior [ RunTime:0.000018s ]
INFO: [ app_init ] --END-- [ RunTime:0.000345s ]
ERR: 无法加载模块:Index

[ 2016-12-01T18:52:06+08:00 ] 46.229.168.71 /index.php?a=index&act=index&m=index&mod=sitemap&p=9
INFO: [ app_init ] --START--
INFO: Run Behavior\BuildLiteBehavior [ RunTime:0.000018s ]
INFO: [ app_init ] --END-- [ RunTime:0.000303s ]
ERR: 无法加载模块:Index

[ 2016-12-01T18:52:17+08:00 ] 46.229.168.66 /index.php?a=index&act=view&id=15&m=index&mod=baobei&p=3
INFO: [ app_init ] --START--
INFO: Run Behavior\BuildLiteBehavior [ RunTime:0.000018s ]
INFO: [ app_init ] --END-- [ RunTime:0.000320s ]
ERR: 无法加载模块:Index

[ 2016-12-01T18:52:18+08:00 ] 46.229.168.74 /index.php?a=index&act=view&iid=19989676855&m=index&mod=tao&p=7
INFO: [ app_init ] --START--
INFO: Run Behavior\BuildLiteBehavior [ RunTime:0.000022s ]
INFO: [ app_init ] --END-- [ RunTime:0.000338s ]
ERR: 无法加载模块:Index

[ 2016-12-01T18:53:17+08:00 ] 46.229.168.69 /index.php?a=index&id=24948&m=item
INFO: [ app_init ] --START--
INFO: Run Behavior\BuildLiteBehavior [ RunTime:0.000017s ]
INFO: [ app_init ] --END-- [ RunTime:0.000301s ]
ERR: 无法加载模块:Item

[ 2016-12-01T18:53:52+08:00 ] 46.229.168.73 /index.php?a=index&m=article
INFO: [ app_init ] --START--
INFO: Run Behavior\BuildLiteBehavior [ RunTime:0.000020s ]
INFO: [ app_init ] --END-- [ RunTime:0.000318s ]
ERR: 无法加载模块:Article

[ 2016-12-01T18:54:06+08:00 ] 46.229.168.73 /index.php?a=index&act=s8&m=index&mod=jump&p=8&url=aHR0cDovL3d3dy50YW9iYW8uY29tL2dvL2Nobi90YmtfY2hhbm5lbC9kaWdpdGFsLnBocD9waWQ9bW1fMjU3MTE4MzdfMjgwMzMxOV8xMDgzNzc1NyZldmVudGlkPTEwMTMzMg
INFO: [ app_init ] --START--
INFO: Run Behavior\BuildLiteBehavior [ RunTime:0.000038s ]
INFO: [ app_init ] --END-- [ RunTime:0.000331s ]
ERR: 无法加载模块:Index

[ 2016-12-01T18:54:13+08:00 ] 46.229.168.69 /index.php?a=index&act=view&iid=23976124617&m=index&mod=tao&p=4
INFO: [ app_init ] --START--
INFO: Run Behavior\BuildLiteBehavior [ RunTime:0.000018s ]
INFO: [ app_init ] --END-- [ RunTime:0.000300s ]
ERR: 无法加载模块:Index

[ 2016-12-01T18:55:15+08:00 ] 46.229.168.72 /index.php?a=index&act=index&m=index&mod=sitemap&p=8
INFO: [ app_init ] --START--
INFO: Run Behavior\BuildLiteBehavior [ RunTime:0.000020s ]
INFO: [ app_init ] --END-- [ RunTime:0.000321s ]
ERR: 无法加载模块:Index

[ 2016-12-01T18:56:00+08:00 ] 46.229.168.71 /index.php?a=cate&cid=106&m=index
INFO: [ app_init ] --START--
INFO: Run Behavior\BuildLiteBehavior [ RunTime:0.000018s ]
INFO: [ app_init ] --END-- [ RunTime:0.000357s ]
ERR: 无法加载模块:Index

[ 2016-12-01T18:56:35+08:00 ] 46.229.168.66 /index.php?a=index&act=index&cid=5&m=index&mod=help&p=3
INFO: [ app_init ] --START--
INFO: Run Behavior\BuildLiteBehavior [ RunTime:0.000021s ]
INFO: [ app_init ] --END-- [ RunTime:0.000347s ]
ERR: 无法加载模块:Index

[ 2016-12-01T19:49:41+08:00 ] 46.229.168.70 /index.php?a=index&act=view&iid=14804314737&m=index&mod=tao&p=2&promotion_endtime=1388591999&promotion_price=49.01
INFO: [ app_init ] --START--
INFO: Run Behavior\BuildLiteBehavior [ RunTime:0.000017s ]
INFO: [ app_init ] --END-- [ RunTime:0.000302s ]
ERR: 无法加载模块:Index

[ 2016-12-01T19:51:01+08:00 ] 46.229.168.67 /index.php?a=index&act=view&iid=18057377017&m=index&mod=tao&p=8
INFO: [ app_init ] --START--
INFO: Run Behavior\BuildLiteBehavior [ RunTime:0.000022s ]
INFO: [ app_init ] --END-- [ RunTime:0.000369s ]
ERR: 无法加载模块:Index

[ 2016-12-01T19:53:08+08:00 ] 46.229.168.67 /index.php?a=index&act=view&iid=23976124617&m=index&mod=tao&p=10
INFO: [ app_init ] --START--
INFO: Run Behavior\BuildLiteBehavior [ RunTime:0.000017s ]
INFO: [ app_init ] --END-- [ RunTime:0.000353s ]
ERR: 无法加载模块:Index

[ 2016-12-01T19:53:23+08:00 ] 46.229.168.70 /index.php?a=index&act=list&cid=5&m=index&mod=article&p=6
INFO: [ app_init ] --START--
INFO: Run Behavior\BuildLiteBehavior [ RunTime:0.000021s ]
INFO: [ app_init ] --END-- [ RunTime:0.000341s ]
ERR: 无法加载模块:Index

[ 2016-12-01T19:54:15+08:00 ] 46.229.168.65 /index.php?a=register&m=user
INFO: [ app_init ] --START--
INFO: Run Behavior\BuildLiteBehavior [ RunTime:0.000020s ]
INFO: [ app_init ] --END-- [ RunTime:0.000332s ]
ERR: 无法加载模块:User

[ 2016-12-01T19:54:54+08:00 ] 46.229.168.68 /index.php?a=index&id=24944&m=item
INFO: [ app_init ] --START--
INFO: Run Behavior\BuildLiteBehavior [ RunTime:0.000021s ]
INFO: [ app_init ] --END-- [ RunTime:0.000344s ]
ERR: 无法加载模块:Item

[ 2016-12-01T20:17:46+08:00 ] 46.229.168.69 /index.php?m=addfund
INFO: [ app_init ] --START--
INFO: Run Behavior\BuildLiteBehavior [ RunTime:0.000017s ]
INFO: [ app_init ] --END-- [ RunTime:0.000307s ]
ERR: 无法加载模块:Addfund

[ 2016-12-01T20:19:11+08:00 ] 46.229.168.72 /index.php?a=lists&c=index&catid=15&m=content
INFO: [ app_init ] --START--
INFO: Run Behavior\BuildLiteBehavior [ RunTime:0.000019s ]
INFO: [ app_init ] --END-- [ RunTime:0.000339s ]
ERR: 无法加载模块:Content

[ 2016-12-01T20:26:03+08:00 ] 46.229.168.69 /index.php?a=hgQ8200&m=login&page&ref=/index.php%3Fm%3Dproduct
INFO: [ app_init ] --START--
INFO: Run Behavior\BuildLiteBehavior [ RunTime:0.000022s ]
INFO: [ app_init ] --END-- [ RunTime:0.000318s ]
ERR: 无法加载模块:Login

[ 2016-12-01T20:29:25+08:00 ] 46.229.168.69 /index.php?a=I5&m=login&page&ref=/index.php%3Fm%3Dproduct
INFO: [ app_init ] --START--
INFO: Run Behavior\BuildLiteBehavior [ RunTime:0.000032s ]
INFO: [ app_init ] --END-- [ RunTime:0.000580s ]
ERR: 无法加载模块:Login

[ 2016-12-01T20:31:56+08:00 ] 46.229.168.73 /index.php?action=login&m=login
INFO: [ app_init ] --START--
INFO: Run Behavior\BuildLiteBehavior [ RunTime:0.000029s ]
INFO: [ app_init ] --END-- [ RunTime:0.000495s ]
ERR: 无法加载模块:Login

[ 2016-12-01T20:38:25+08:00 ] 46.229.168.67 /index.php?a=VM40&m=login&page&ref=/index.php%3Fm%3Dproduct
INFO: [ app_init ] --START--
INFO: Run Behavior\BuildLiteBehavior [ RunTime:0.000021s ]
INFO: [ app_init ] --END-- [ RunTime:0.000319s ]
ERR: 无法加载模块:Login

[ 2016-12-01T20:47:14+08:00 ] 46.229.168.70 /index.php?a=show&c=index&catid=11&id=17&m=content
INFO: [ app_init ] --START--
INFO: Run Behavior\BuildLiteBehavior [ RunTime:0.000022s ]
INFO: [ app_init ] --END-- [ RunTime:0.000339s ]
ERR: 无法加载模块:Content

[ 2016-12-01T21:07:52+08:00 ] 46.229.168.68 /index.php?a=E3_1230&m=login&page&ref=/index.php%3Fm%3Dproduct
INFO: [ app_init ] --START--
INFO: Run Behavior\BuildLiteBehavior [ RunTime:0.000021s ]
INFO: [ app_init ] --END-- [ RunTime:0.000355s ]
ERR: 无法加载模块:Login

[ 2016-12-01T21:07:57+08:00 ] 46.229.168.71 /index.php?a=Q8400&m=login&page&ref=/index.php%3Fm%3Dproduct
INFO: [ app_init ] --START--
INFO: Run Behavior\BuildLiteBehavior [ RunTime:0.000019s ]
INFO: [ app_init ] --END-- [ RunTime:0.000356s ]
ERR: 无法加载模块:Login

[ 2016-12-01T21:17:15+08:00 ] 46.229.168.70 /index.php?a=ip&m=login&page&ref=/index.php%3Fm%3Dproduct
INFO: [ app_init ] --START--
INFO: Run Behavior\BuildLiteBehavior [ RunTime:0.000131s ]
INFO: [ app_init ] --END-- [ RunTime:0.000467s ]
ERR: 无法加载模块:Login

[ 2016-12-01T22:24:02+08:00 ] 46.229.168.71 /index.php?a=lists&c=index&catid=37&m=content
INFO: [ app_init ] --START--
INFO: Run Behavior\BuildLiteBehavior [ RunTime:0.000018s ]
INFO: [ app_init ] --END-- [ RunTime:0.000329s ]
ERR: 无法加载模块:Content

[ 2016-12-01T22:29:08+08:00 ] 46.229.168.69 /index.php?a=lists&c=index&catid=36&m=content
INFO: [ app_init ] --START--
INFO: Run Behavior\BuildLiteBehavior [ RunTime:0.000019s ]
INFO: [ app_init ] --END-- [ RunTime:0.000311s ]
ERR: 无法加载模块:Content

[ 2016-12-01T22:34:00+08:00 ] 46.229.168.73 /index.php?a=lists&c=index&catid=24&m=content
INFO: [ app_init ] --START--
INFO: Run Behavior\BuildLiteBehavior [ RunTime:0.000019s ]
INFO: [ app_init ] --END-- [ RunTime:0.000307s ]
ERR: 无法加载模块:Content

[ 2016-12-01T22:36:26+08:00 ] 46.229.168.72 /index.php?a=Core_5606&m=login&page&ref=/index.php%3Fm%3Dproduct
INFO: [ app_init ] --START--
INFO: Run Behavior\BuildLiteBehavior [ RunTime:0.000017s ]
INFO: [ app_init ] --END-- [ RunTime:0.000299s ]
ERR: 无法加载模块:Login

[ 2016-12-01T22:46:01+08:00 ] 46.229.168.72 /index.php?a=Intel%C2%AEXeon%C2%AE_3.2HZ&m=login&page&ref=/index.php%3Fm%3Dproduct
INFO: [ app_init ] --START--
INFO: Run Behavior\BuildLiteBehavior [ RunTime:0.000019s ]
INFO: [ app_init ] --END-- [ RunTime:0.000304s ]
ERR: 无法加载模块:Login

[ 2016-12-01T22:52:17+08:00 ] 46.229.168.65 /index.php?a=lists&c=index&catid=14&m=content
INFO: [ app_init ] --START--
INFO: Run Behavior\BuildLiteBehavior [ RunTime:0.000021s ]
INFO: [ app_init ] --END-- [ RunTime:0.000316s ]
ERR: 无法加载模块:Content

